<?xml version="1.0" encoding="UTF-8"?>
<testng-results skipped="0" failed="0" ignored="0" total="2" passed="2">
  <reporter-output>
  </reporter-output>
  <suite name="Suite" duration-ms="18790" started-at="2022-03-12T06:28:22Z" finished-at="2022-03-12T06:28:41Z">
    <groups>
    </groups>
    <test name="Google Test" duration-ms="11291" started-at="2022-03-12T06:28:22Z" finished-at="2022-03-12T06:28:33Z">
      <class name="sample1.Test1">
        <test-method status="PASS" signature="validateGoogle()[pri:0, instance:sample1.Test1@544fe44c]" name="validateGoogle" duration-ms="11237" started-at="2022-03-12T11:58:22Z" finished-at="2022-03-12T11:58:33Z">
          <reporter-output>
          </reporter-output>
        </test-method> <!-- validateGoogle -->
      </class> <!-- sample1.Test1 -->
    </test> <!-- Google Test -->
    <test name="Bing Test" duration-ms="7411" started-at="2022-03-12T06:28:33Z" finished-at="2022-03-12T06:28:41Z">
      <class name="sample2.Test2">
        <test-method status="PASS" signature="validateGoogle()[pri:0, instance:sample2.Test2@3b0143d3]" name="validateGoogle" duration-ms="7401" started-at="2022-03-12T11:58:33Z" finished-at="2022-03-12T11:58:41Z">
          <reporter-output>
          </reporter-output>
        </test-method> <!-- validateGoogle -->
      </class> <!-- sample2.Test2 -->
    </test> <!-- Bing Test -->
  </suite> <!-- Suite -->
</testng-results>
